2026-02-20 09:50:07,382 [INFORMATION] - OctopaiLogger is created... LogFilePath=[C:\Program Files (x86)\Octopai\Service\log\MainLog_202950720260220.log]
2026-02-20 09:50:07,457 [ERROR] - Message: JS ERROR Uncaught TypeError: Cannot read property 'classList' of null , error. Called by Error method. In file: C:\Users\octopai-client\OctopaiClient\Extractors\ExtractorBase\Logger.cs. Line 36
2026-02-20 09:50:07,488 [INFORMATION] - Folder permission FullControl : FullControl Write Read AppendData Modify ExecuteFile 268435456 : NO-FullControlNO-Write NO-Read NO-AppendData NO-Modify NO-ExecuteFile FullControl : FullControl Write Read AppendData Modify ExecuteFile 268435456 : NO-FullControlNO-Write NO-Read NO-AppendData NO-Modify NO-ExecuteFile FullControl : FullControl Write Read AppendData Modify ExecuteFile 268435456 : NO-FullControlNO-Write NO-Read NO-AppendData NO-Modify NO-ExecuteFile ReadAndExecute, Synchronize : NO-FullControlNO-Write Read NO-AppendData NO-Modify ExecuteFile -1610612736 : NO-FullControlNO-Write NO-Read NO-AppendData NO-Modify NO-ExecuteFile 268435456 : NO-FullControlNO-Write NO-Read NO-AppendData NO-Modify NO-ExecuteFile ReadAndExecute, Synchronize : NO-FullControlNO-Write Read NO-AppendData NO-Modify ExecuteFile -1610612736 : NO-FullControlNO-Write NO-Read NO-AppendData NO-Modify NO-ExecuteFile ReadAndExecute, Synchronize : NO-FullControlNO-Write Read NO-AppendData NO-Modify ExecuteFile -1610612736 : NO-FullControlNO-Write NO-Read NO-AppendData NO-Modify NO-ExecuteFile 
2026-02-20 09:50:07,488 [INFORMATION] - Folder permission FullControl : FullControl Write Read AppendData Modify ExecuteFile 268435456 : NO-FullControlNO-Write NO-Read NO-AppendData NO-Modify NO-ExecuteFile FullControl : FullControl Write Read AppendData Modify ExecuteFile 268435456 : NO-FullControlNO-Write NO-Read NO-AppendData NO-Modify NO-ExecuteFile FullControl : FullControl Write Read AppendData Modify ExecuteFile 268435456 : NO-FullControlNO-Write NO-Read NO-AppendData NO-Modify NO-ExecuteFile ReadAndExecute, Synchronize : NO-FullControlNO-Write Read NO-AppendData NO-Modify ExecuteFile -1610612736 : NO-FullControlNO-Write NO-Read NO-AppendData NO-Modify NO-ExecuteFile 268435456 : NO-FullControlNO-Write NO-Read NO-AppendData NO-Modify NO-ExecuteFile ReadAndExecute, Synchronize : NO-FullControlNO-Write Read NO-AppendData NO-Modify ExecuteFile -1610612736 : NO-FullControlNO-Write NO-Read NO-AppendData NO-Modify NO-ExecuteFile ReadAndExecute, Synchronize : NO-FullControlNO-Write Read NO-AppendData NO-Modify ExecuteFile -1610612736 : NO-FullControlNO-Write NO-Read NO-AppendData NO-Modify NO-ExecuteFile 
2026-02-20 09:50:07,488 [INFORMATION] - Folder permission FullControl : FullControl Write Read AppendData Modify ExecuteFile 268435456 : NO-FullControlNO-Write NO-Read NO-AppendData NO-Modify NO-ExecuteFile FullControl : FullControl Write Read AppendData Modify ExecuteFile 268435456 : NO-FullControlNO-Write NO-Read NO-AppendData NO-Modify NO-ExecuteFile FullControl : FullControl Write Read AppendData Modify ExecuteFile 268435456 : NO-FullControlNO-Write NO-Read NO-AppendData NO-Modify NO-ExecuteFile ReadAndExecute, Synchronize : NO-FullControlNO-Write Read NO-AppendData NO-Modify ExecuteFile -1610612736 : NO-FullControlNO-Write NO-Read NO-AppendData NO-Modify NO-ExecuteFile 268435456 : NO-FullControlNO-Write NO-Read NO-AppendData NO-Modify NO-ExecuteFile ReadAndExecute, Synchronize : NO-FullControlNO-Write Read NO-AppendData NO-Modify ExecuteFile -1610612736 : NO-FullControlNO-Write NO-Read NO-AppendData NO-Modify NO-ExecuteFile ReadAndExecute, Synchronize : NO-FullControlNO-Write Read NO-AppendData NO-Modify ExecuteFile -1610612736 : NO-FullControlNO-Write NO-Read NO-AppendData NO-Modify NO-ExecuteFile 
2026-02-20 09:50:07,488 [INFORMATION] - Folder permission FullControl : FullControl Write Read AppendData Modify ExecuteFile 268435456 : NO-FullControlNO-Write NO-Read NO-AppendData NO-Modify NO-ExecuteFile FullControl : FullControl Write Read AppendData Modify ExecuteFile 268435456 : NO-FullControlNO-Write NO-Read NO-AppendData NO-Modify NO-ExecuteFile FullControl : FullControl Write Read AppendData Modify ExecuteFile 268435456 : NO-FullControlNO-Write NO-Read NO-AppendData NO-Modify NO-ExecuteFile ReadAndExecute, Synchronize : NO-FullControlNO-Write Read NO-AppendData NO-Modify ExecuteFile -1610612736 : NO-FullControlNO-Write NO-Read NO-AppendData NO-Modify NO-ExecuteFile 268435456 : NO-FullControlNO-Write NO-Read NO-AppendData NO-Modify NO-ExecuteFile ReadAndExecute, Synchronize : NO-FullControlNO-Write Read NO-AppendData NO-Modify ExecuteFile -1610612736 : NO-FullControlNO-Write NO-Read NO-AppendData NO-Modify NO-ExecuteFile ReadAndExecute, Synchronize : NO-FullControlNO-Write Read NO-AppendData NO-Modify ExecuteFile -1610612736 : NO-FullControlNO-Write NO-Read NO-AppendData NO-Modify NO-ExecuteFile 
2026-02-20 09:50:07,489 [INFORMATION] - Folder permission FullControl : FullControl Write Read AppendData Modify ExecuteFile 268435456 : NO-FullControlNO-Write NO-Read NO-AppendData NO-Modify NO-ExecuteFile FullControl : FullControl Write Read AppendData Modify ExecuteFile 268435456 : NO-FullControlNO-Write NO-Read NO-AppendData NO-Modify NO-ExecuteFile FullControl : FullControl Write Read AppendData Modify ExecuteFile 268435456 : NO-FullControlNO-Write NO-Read NO-AppendData NO-Modify NO-ExecuteFile ReadAndExecute, Synchronize : NO-FullControlNO-Write Read NO-AppendData NO-Modify ExecuteFile -1610612736 : NO-FullControlNO-Write NO-Read NO-AppendData NO-Modify NO-ExecuteFile 268435456 : NO-FullControlNO-Write NO-Read NO-AppendData NO-Modify NO-ExecuteFile ReadAndExecute, Synchronize : NO-FullControlNO-Write Read NO-AppendData NO-Modify ExecuteFile -1610612736 : NO-FullControlNO-Write NO-Read NO-AppendData NO-Modify NO-ExecuteFile ReadAndExecute, Synchronize : NO-FullControlNO-Write Read NO-AppendData NO-Modify ExecuteFile -1610612736 : NO-FullControlNO-Write NO-Read NO-AppendData NO-Modify NO-ExecuteFile 
2026-02-20 09:50:07,493 [INFORMATION] - User is local admin: True
2026-02-20 09:50:07,493 [INFORMATION] - User is local admin: True
2026-02-20 09:50:07,492 [INFORMATION] - User is local admin: True
2026-02-20 09:50:07,493 [INFORMATION] - User is local admin: True
2026-02-20 09:50:07,492 [INFORMATION] - User is local admin: True
2026-02-20 09:50:07,494 [INFORMATION] - User: NT AUTHORITY\SYSTEM
2026-02-20 09:50:07,494 [INFORMATION] - User: NT AUTHORITY\SYSTEM
2026-02-20 09:50:07,494 [INFORMATION] - User: NT AUTHORITY\SYSTEM
2026-02-20 09:50:07,494 [INFORMATION] - User: NT AUTHORITY\SYSTEM
2026-02-20 09:50:07,494 [INFORMATION] - User: NT AUTHORITY\SYSTEM
2026-02-20 09:50:07,498 [INFORMATION] - Octopai Client - Octopai Client 10.0.31.692
2026-02-20 09:50:07,499 [INFORMATION] - Octopai Client - Octopai Client 10.0.31.692
2026-02-20 09:50:07,500 [INFORMATION] - Octopai Client - Octopai Client 10.0.31.692
2026-02-20 09:50:07,500 [INFORMATION] - Octopai Client - Octopai Client 10.0.31.692
2026-02-20 09:50:07,500 [INFORMATION] - Octopai Client - Octopai Client 10.0.31.692
2026-02-20 09:50:07,536 [ERROR] - There's no license file. Could not find file 'C:\Program Files (x86)\Octopai\Service\Data\Octopai.lic'.
System.IO.FileNotFoundException: Could not find file 'C:\Program Files (x86)\Octopai\Service\Data\Octopai.lic'.
File name: 'C:\Program Files (x86)\Octopai\Service\Data\Octopai.lic'
   at Microsoft.Win32.SafeHandles.SafeFileHandle.CreateFile(String fullPath, FileMode mode, FileAccess access, FileShare share, FileOptions options)
   at Microsoft.Win32.SafeHandles.SafeFileHandle.Open(String fullPath, FileMode mode, FileAccess access, FileShare share, FileOptions options, Int64 preallocationSize, Nullable`1 unixCreateMode)
   at System.IO.Strategies.OSFileStreamStrategy..ctor(String path, FileMode mode, FileAccess access, FileShare share, FileOptions options, Int64 preallocationSize, Nullable`1 unixCreateMode)
   at System.IO.Strategies.FileStreamHelpers.ChooseStrategyCore(String path, FileMode mode, FileAccess access, FileShare share, FileOptions options, Int64 preallocationSize, Nullable`1 unixCreateMode)
   at System.IO.StreamReader.ValidateArgsAndOpenPath(String path, Encoding encoding, Int32 bufferSize)
   at System.IO.File.ReadAllText(String path, Encoding encoding)
   at ClientDB.ClientDB.ReadFromBinaryFile[T](String filePath)
   at ClientDB.ClientDB.GetLicensce()
2026-02-20 09:50:07,649 [INFORMATION] - Folder permission FullControl : FullControl Write Read AppendData Modify ExecuteFile 268435456 : NO-FullControlNO-Write NO-Read NO-AppendData NO-Modify NO-ExecuteFile FullControl : FullControl Write Read AppendData Modify ExecuteFile 268435456 : NO-FullControlNO-Write NO-Read NO-AppendData NO-Modify NO-ExecuteFile FullControl : FullControl Write Read AppendData Modify ExecuteFile 268435456 : NO-FullControlNO-Write NO-Read NO-AppendData NO-Modify NO-ExecuteFile ReadAndExecute, Synchronize : NO-FullControlNO-Write Read NO-AppendData NO-Modify ExecuteFile -1610612736 : NO-FullControlNO-Write NO-Read NO-AppendData NO-Modify NO-ExecuteFile 268435456 : NO-FullControlNO-Write NO-Read NO-AppendData NO-Modify NO-ExecuteFile ReadAndExecute, Synchronize : NO-FullControlNO-Write Read NO-AppendData NO-Modify ExecuteFile -1610612736 : NO-FullControlNO-Write NO-Read NO-AppendData NO-Modify NO-ExecuteFile ReadAndExecute, Synchronize : NO-FullControlNO-Write Read NO-AppendData NO-Modify ExecuteFile -1610612736 : NO-FullControlNO-Write NO-Read NO-AppendData NO-Modify NO-ExecuteFile 
2026-02-20 09:50:07,649 [INFORMATION] - Folder permission FullControl : FullControl Write Read AppendData Modify ExecuteFile 268435456 : NO-FullControlNO-Write NO-Read NO-AppendData NO-Modify NO-ExecuteFile FullControl : FullControl Write Read AppendData Modify ExecuteFile 268435456 : NO-FullControlNO-Write NO-Read NO-AppendData NO-Modify NO-ExecuteFile FullControl : FullControl Write Read AppendData Modify ExecuteFile 268435456 : NO-FullControlNO-Write NO-Read NO-AppendData NO-Modify NO-ExecuteFile ReadAndExecute, Synchronize : NO-FullControlNO-Write Read NO-AppendData NO-Modify ExecuteFile -1610612736 : NO-FullControlNO-Write NO-Read NO-AppendData NO-Modify NO-ExecuteFile 268435456 : NO-FullControlNO-Write NO-Read NO-AppendData NO-Modify NO-ExecuteFile ReadAndExecute, Synchronize : NO-FullControlNO-Write Read NO-AppendData NO-Modify ExecuteFile -1610612736 : NO-FullControlNO-Write NO-Read NO-AppendData NO-Modify NO-ExecuteFile ReadAndExecute, Synchronize : NO-FullControlNO-Write Read NO-AppendData NO-Modify ExecuteFile -1610612736 : NO-FullControlNO-Write NO-Read NO-AppendData NO-Modify NO-ExecuteFile 
2026-02-20 09:50:07,650 [INFORMATION] - User is local admin: True
2026-02-20 09:50:07,649 [INFORMATION] - User is local admin: True
2026-02-20 09:50:07,650 [INFORMATION] - Folder permission FullControl : FullControl Write Read AppendData Modify ExecuteFile 268435456 : NO-FullControlNO-Write NO-Read NO-AppendData NO-Modify NO-ExecuteFile FullControl : FullControl Write Read AppendData Modify ExecuteFile 268435456 : NO-FullControlNO-Write NO-Read NO-AppendData NO-Modify NO-ExecuteFile FullControl : FullControl Write Read AppendData Modify ExecuteFile 268435456 : NO-FullControlNO-Write NO-Read NO-AppendData NO-Modify NO-ExecuteFile ReadAndExecute, Synchronize : NO-FullControlNO-Write Read NO-AppendData NO-Modify ExecuteFile -1610612736 : NO-FullControlNO-Write NO-Read NO-AppendData NO-Modify NO-ExecuteFile 268435456 : NO-FullControlNO-Write NO-Read NO-AppendData NO-Modify NO-ExecuteFile ReadAndExecute, Synchronize : NO-FullControlNO-Write Read NO-AppendData NO-Modify ExecuteFile -1610612736 : NO-FullControlNO-Write NO-Read NO-AppendData NO-Modify NO-ExecuteFile ReadAndExecute, Synchronize : NO-FullControlNO-Write Read NO-AppendData NO-Modify ExecuteFile -1610612736 : NO-FullControlNO-Write NO-Read NO-AppendData NO-Modify NO-ExecuteFile 
2026-02-20 09:50:07,650 [INFORMATION] - User: NT AUTHORITY\SYSTEM
2026-02-20 09:50:07,650 [INFORMATION] - User: NT AUTHORITY\SYSTEM
2026-02-20 09:50:07,650 [INFORMATION] - User is local admin: True
2026-02-20 09:50:07,652 [INFORMATION] - User: NT AUTHORITY\SYSTEM
2026-02-20 09:50:07,653 [INFORMATION] - Octopai Client - Octopai Client 10.0.31.692
2026-02-20 09:50:07,653 [INFORMATION] - Octopai Client - Octopai Client 10.0.31.692
2026-02-20 09:50:07,654 [INFORMATION] - Octopai Client - Octopai Client 10.0.31.692
2026-02-20 09:50:11,419 [INFORMATION] - Folder permission FullControl : FullControl Write Read AppendData Modify ExecuteFile 268435456 : NO-FullControlNO-Write NO-Read NO-AppendData NO-Modify NO-ExecuteFile FullControl : FullControl Write Read AppendData Modify ExecuteFile 268435456 : NO-FullControlNO-Write NO-Read NO-AppendData NO-Modify NO-ExecuteFile FullControl : FullControl Write Read AppendData Modify ExecuteFile 268435456 : NO-FullControlNO-Write NO-Read NO-AppendData NO-Modify NO-ExecuteFile ReadAndExecute, Synchronize : NO-FullControlNO-Write Read NO-AppendData NO-Modify ExecuteFile -1610612736 : NO-FullControlNO-Write NO-Read NO-AppendData NO-Modify NO-ExecuteFile 268435456 : NO-FullControlNO-Write NO-Read NO-AppendData NO-Modify NO-ExecuteFile ReadAndExecute, Synchronize : NO-FullControlNO-Write Read NO-AppendData NO-Modify ExecuteFile -1610612736 : NO-FullControlNO-Write NO-Read NO-AppendData NO-Modify NO-ExecuteFile ReadAndExecute, Synchronize : NO-FullControlNO-Write Read NO-AppendData NO-Modify ExecuteFile -1610612736 : NO-FullControlNO-Write NO-Read NO-AppendData NO-Modify NO-ExecuteFile 
2026-02-20 09:50:11,419 [INFORMATION] - User is local admin: True
2026-02-20 09:50:11,420 [INFORMATION] - User: NT AUTHORITY\SYSTEM
2026-02-20 09:50:11,423 [INFORMATION] - Octopai Client - Octopai Client 10.0.31.692
2026-02-20 09:50:11,473 [INFORMATION] - Update license Start
2026-02-20 09:50:11,473 [INFORMATION] - Update license 10 Vendors
2026-02-20 09:50:11,514 [INFORMATION] - Going to add license file for the customer
2026-02-20 09:50:11,526 [INFORMATION] - License added
2026-02-20 09:50:11,531 [INFORMATION] - Update license Done
2026-02-20 09:50:11,856 [ERROR] - Message: JS ERROR Uncaught TypeError: Cannot read property 'classList' of null , error. Called by Error method. In file: C:\Users\octopai-client\OctopaiClient\Extractors\ExtractorBase\Logger.cs. Line 36
2026-02-20 09:50:11,907 [INFORMATION] - Folder permission FullControl : FullControl Write Read AppendData Modify ExecuteFile 268435456 : NO-FullControlNO-Write NO-Read NO-AppendData NO-Modify NO-ExecuteFile FullControl : FullControl Write Read AppendData Modify ExecuteFile 268435456 : NO-FullControlNO-Write NO-Read NO-AppendData NO-Modify NO-ExecuteFile FullControl : FullControl Write Read AppendData Modify ExecuteFile 268435456 : NO-FullControlNO-Write NO-Read NO-AppendData NO-Modify NO-ExecuteFile ReadAndExecute, Synchronize : NO-FullControlNO-Write Read NO-AppendData NO-Modify ExecuteFile -1610612736 : NO-FullControlNO-Write NO-Read NO-AppendData NO-Modify NO-ExecuteFile 268435456 : NO-FullControlNO-Write NO-Read NO-AppendData NO-Modify NO-ExecuteFile ReadAndExecute, Synchronize : NO-FullControlNO-Write Read NO-AppendData NO-Modify ExecuteFile -1610612736 : NO-FullControlNO-Write NO-Read NO-AppendData NO-Modify NO-ExecuteFile ReadAndExecute, Synchronize : NO-FullControlNO-Write Read NO-AppendData NO-Modify ExecuteFile -1610612736 : NO-FullControlNO-Write NO-Read NO-AppendData NO-Modify NO-ExecuteFile 
2026-02-20 09:50:11,907 [INFORMATION] - User is local admin: True
2026-02-20 09:50:11,908 [INFORMATION] - User: NT AUTHORITY\SYSTEM
2026-02-20 09:50:11,911 [INFORMATION] - Octopai Client - Octopai Client 10.0.31.692
2026-02-20 09:50:11,913 [INFORMATION] - Folder permission FullControl : FullControl Write Read AppendData Modify ExecuteFile 268435456 : NO-FullControlNO-Write NO-Read NO-AppendData NO-Modify NO-ExecuteFile FullControl : FullControl Write Read AppendData Modify ExecuteFile 268435456 : NO-FullControlNO-Write NO-Read NO-AppendData NO-Modify NO-ExecuteFile FullControl : FullControl Write Read AppendData Modify ExecuteFile 268435456 : NO-FullControlNO-Write NO-Read NO-AppendData NO-Modify NO-ExecuteFile ReadAndExecute, Synchronize : NO-FullControlNO-Write Read NO-AppendData NO-Modify ExecuteFile -1610612736 : NO-FullControlNO-Write NO-Read NO-AppendData NO-Modify NO-ExecuteFile 268435456 : NO-FullControlNO-Write NO-Read NO-AppendData NO-Modify NO-ExecuteFile ReadAndExecute, Synchronize : NO-FullControlNO-Write Read NO-AppendData NO-Modify ExecuteFile -1610612736 : NO-FullControlNO-Write NO-Read NO-AppendData NO-Modify NO-ExecuteFile ReadAndExecute, Synchronize : NO-FullControlNO-Write Read NO-AppendData NO-Modify ExecuteFile -1610612736 : NO-FullControlNO-Write NO-Read NO-AppendData NO-Modify NO-ExecuteFile 
2026-02-20 09:50:11,914 [INFORMATION] - User is local admin: True
2026-02-20 09:50:11,914 [INFORMATION] - Folder permission FullControl : FullControl Write Read AppendData Modify ExecuteFile 268435456 : NO-FullControlNO-Write NO-Read NO-AppendData NO-Modify NO-ExecuteFile FullControl : FullControl Write Read AppendData Modify ExecuteFile 268435456 : NO-FullControlNO-Write NO-Read NO-AppendData NO-Modify NO-ExecuteFile FullControl : FullControl Write Read AppendData Modify ExecuteFile 268435456 : NO-FullControlNO-Write NO-Read NO-AppendData NO-Modify NO-ExecuteFile ReadAndExecute, Synchronize : NO-FullControlNO-Write Read NO-AppendData NO-Modify ExecuteFile -1610612736 : NO-FullControlNO-Write NO-Read NO-AppendData NO-Modify NO-ExecuteFile 268435456 : NO-FullControlNO-Write NO-Read NO-AppendData NO-Modify NO-ExecuteFile ReadAndExecute, Synchronize : NO-FullControlNO-Write Read NO-AppendData NO-Modify ExecuteFile -1610612736 : NO-FullControlNO-Write NO-Read NO-AppendData NO-Modify NO-ExecuteFile ReadAndExecute, Synchronize : NO-FullControlNO-Write Read NO-AppendData NO-Modify ExecuteFile -1610612736 : NO-FullControlNO-Write NO-Read NO-AppendData NO-Modify NO-ExecuteFile 
2026-02-20 09:50:11,914 [INFORMATION] - User is local admin: True
2026-02-20 09:50:11,914 [INFORMATION] - User: NT AUTHORITY\SYSTEM
2026-02-20 09:50:11,915 [INFORMATION] - Folder permission FullControl : FullControl Write Read AppendData Modify ExecuteFile 268435456 : NO-FullControlNO-Write NO-Read NO-AppendData NO-Modify NO-ExecuteFile FullControl : FullControl Write Read AppendData Modify ExecuteFile 268435456 : NO-FullControlNO-Write NO-Read NO-AppendData NO-Modify NO-ExecuteFile FullControl : FullControl Write Read AppendData Modify ExecuteFile 268435456 : NO-FullControlNO-Write NO-Read NO-AppendData NO-Modify NO-ExecuteFile ReadAndExecute, Synchronize : NO-FullControlNO-Write Read NO-AppendData NO-Modify ExecuteFile -1610612736 : NO-FullControlNO-Write NO-Read NO-AppendData NO-Modify NO-ExecuteFile 268435456 : NO-FullControlNO-Write NO-Read NO-AppendData NO-Modify NO-ExecuteFile ReadAndExecute, Synchronize : NO-FullControlNO-Write Read NO-AppendData NO-Modify ExecuteFile -1610612736 : NO-FullControlNO-Write NO-Read NO-AppendData NO-Modify NO-ExecuteFile ReadAndExecute, Synchronize : NO-FullControlNO-Write Read NO-AppendData NO-Modify ExecuteFile -1610612736 : NO-FullControlNO-Write NO-Read NO-AppendData NO-Modify NO-ExecuteFile 
2026-02-20 09:50:11,915 [INFORMATION] - User: NT AUTHORITY\SYSTEM
2026-02-20 09:50:11,915 [INFORMATION] - User is local admin: True
2026-02-20 09:50:11,916 [INFORMATION] - User: NT AUTHORITY\SYSTEM
2026-02-20 09:50:11,917 [INFORMATION] - Octopai Client - Octopai Client 10.0.31.692
2026-02-20 09:50:11,917 [INFORMATION] - Octopai Client - Octopai Client 10.0.31.692
2026-02-20 09:50:11,919 [INFORMATION] - Octopai Client - Octopai Client 10.0.31.692
2026-02-20 09:50:11,924 [INFORMATION] - Folder permission FullControl : FullControl Write Read AppendData Modify ExecuteFile 268435456 : NO-FullControlNO-Write NO-Read NO-AppendData NO-Modify NO-ExecuteFile FullControl : FullControl Write Read AppendData Modify ExecuteFile 268435456 : NO-FullControlNO-Write NO-Read NO-AppendData NO-Modify NO-ExecuteFile FullControl : FullControl Write Read AppendData Modify ExecuteFile 268435456 : NO-FullControlNO-Write NO-Read NO-AppendData NO-Modify NO-ExecuteFile ReadAndExecute, Synchronize : NO-FullControlNO-Write Read NO-AppendData NO-Modify ExecuteFile -1610612736 : NO-FullControlNO-Write NO-Read NO-AppendData NO-Modify NO-ExecuteFile 268435456 : NO-FullControlNO-Write NO-Read NO-AppendData NO-Modify NO-ExecuteFile ReadAndExecute, Synchronize : NO-FullControlNO-Write Read NO-AppendData NO-Modify ExecuteFile -1610612736 : NO-FullControlNO-Write NO-Read NO-AppendData NO-Modify NO-ExecuteFile ReadAndExecute, Synchronize : NO-FullControlNO-Write Read NO-AppendData NO-Modify ExecuteFile -1610612736 : NO-FullControlNO-Write NO-Read NO-AppendData NO-Modify NO-ExecuteFile 
2026-02-20 09:50:11,924 [INFORMATION] - User is local admin: True
2026-02-20 09:50:11,925 [INFORMATION] - User: NT AUTHORITY\SYSTEM
2026-02-20 09:50:11,927 [INFORMATION] - Octopai Client - Octopai Client 10.0.31.692
2026-02-20 09:50:11,985 [INFORMATION] - Folder permission FullControl : FullControl Write Read AppendData Modify ExecuteFile 268435456 : NO-FullControlNO-Write NO-Read NO-AppendData NO-Modify NO-ExecuteFile FullControl : FullControl Write Read AppendData Modify ExecuteFile 268435456 : NO-FullControlNO-Write NO-Read NO-AppendData NO-Modify NO-ExecuteFile FullControl : FullControl Write Read AppendData Modify ExecuteFile 268435456 : NO-FullControlNO-Write NO-Read NO-AppendData NO-Modify NO-ExecuteFile ReadAndExecute, Synchronize : NO-FullControlNO-Write Read NO-AppendData NO-Modify ExecuteFile -1610612736 : NO-FullControlNO-Write NO-Read NO-AppendData NO-Modify NO-ExecuteFile 268435456 : NO-FullControlNO-Write NO-Read NO-AppendData NO-Modify NO-ExecuteFile ReadAndExecute, Synchronize : NO-FullControlNO-Write Read NO-AppendData NO-Modify ExecuteFile -1610612736 : NO-FullControlNO-Write NO-Read NO-AppendData NO-Modify NO-ExecuteFile ReadAndExecute, Synchronize : NO-FullControlNO-Write Read NO-AppendData NO-Modify ExecuteFile -1610612736 : NO-FullControlNO-Write NO-Read NO-AppendData NO-Modify NO-ExecuteFile 
2026-02-20 09:50:11,985 [INFORMATION] - User is local admin: True
2026-02-20 09:50:11,986 [INFORMATION] - Folder permission FullControl : FullControl Write Read AppendData Modify ExecuteFile 268435456 : NO-FullControlNO-Write NO-Read NO-AppendData NO-Modify NO-ExecuteFile FullControl : FullControl Write Read AppendData Modify ExecuteFile 268435456 : NO-FullControlNO-Write NO-Read NO-AppendData NO-Modify NO-ExecuteFile FullControl : FullControl Write Read AppendData Modify ExecuteFile 268435456 : NO-FullControlNO-Write NO-Read NO-AppendData NO-Modify NO-ExecuteFile ReadAndExecute, Synchronize : NO-FullControlNO-Write Read NO-AppendData NO-Modify ExecuteFile -1610612736 : NO-FullControlNO-Write NO-Read NO-AppendData NO-Modify NO-ExecuteFile 268435456 : NO-FullControlNO-Write NO-Read NO-AppendData NO-Modify NO-ExecuteFile ReadAndExecute, Synchronize : NO-FullControlNO-Write Read NO-AppendData NO-Modify ExecuteFile -1610612736 : NO-FullControlNO-Write NO-Read NO-AppendData NO-Modify NO-ExecuteFile ReadAndExecute, Synchronize : NO-FullControlNO-Write Read NO-AppendData NO-Modify ExecuteFile -1610612736 : NO-FullControlNO-Write NO-Read NO-AppendData NO-Modify NO-ExecuteFile 
2026-02-20 09:50:11,986 [INFORMATION] - User is local admin: True
2026-02-20 09:50:11,986 [INFORMATION] - User: NT AUTHORITY\SYSTEM
2026-02-20 09:50:11,986 [INFORMATION] - Folder permission FullControl : FullControl Write Read AppendData Modify ExecuteFile 268435456 : NO-FullControlNO-Write NO-Read NO-AppendData NO-Modify NO-ExecuteFile FullControl : FullControl Write Read AppendData Modify ExecuteFile 268435456 : NO-FullControlNO-Write NO-Read NO-AppendData NO-Modify NO-ExecuteFile FullControl : FullControl Write Read AppendData Modify ExecuteFile 268435456 : NO-FullControlNO-Write NO-Read NO-AppendData NO-Modify NO-ExecuteFile ReadAndExecute, Synchronize : NO-FullControlNO-Write Read NO-AppendData NO-Modify ExecuteFile -1610612736 : NO-FullControlNO-Write NO-Read NO-AppendData NO-Modify NO-ExecuteFile 268435456 : NO-FullControlNO-Write NO-Read NO-AppendData NO-Modify NO-ExecuteFile ReadAndExecute, Synchronize : NO-FullControlNO-Write Read NO-AppendData NO-Modify ExecuteFile -1610612736 : NO-FullControlNO-Write NO-Read NO-AppendData NO-Modify NO-ExecuteFile ReadAndExecute, Synchronize : NO-FullControlNO-Write Read NO-AppendData NO-Modify ExecuteFile -1610612736 : NO-FullControlNO-Write NO-Read NO-AppendData NO-Modify NO-ExecuteFile 
2026-02-20 09:50:11,986 [INFORMATION] - User: NT AUTHORITY\SYSTEM
2026-02-20 09:50:11,987 [INFORMATION] - User is local admin: True
2026-02-20 09:50:11,988 [INFORMATION] - User: NT AUTHORITY\SYSTEM
2026-02-20 09:50:11,988 [INFORMATION] - Octopai Client - Octopai Client 10.0.31.692
2026-02-20 09:50:11,989 [INFORMATION] - Octopai Client - Octopai Client 10.0.31.692
2026-02-20 09:50:11,990 [INFORMATION] - Octopai Client - Octopai Client 10.0.31.692
2026-02-20 09:50:13,349 [INFORMATION] - Folder permission FullControl : FullControl Write Read AppendData Modify ExecuteFile 268435456 : NO-FullControlNO-Write NO-Read NO-AppendData NO-Modify NO-ExecuteFile FullControl : FullControl Write Read AppendData Modify ExecuteFile 268435456 : NO-FullControlNO-Write NO-Read NO-AppendData NO-Modify NO-ExecuteFile FullControl : FullControl Write Read AppendData Modify ExecuteFile 268435456 : NO-FullControlNO-Write NO-Read NO-AppendData NO-Modify NO-ExecuteFile ReadAndExecute, Synchronize : NO-FullControlNO-Write Read NO-AppendData NO-Modify ExecuteFile -1610612736 : NO-FullControlNO-Write NO-Read NO-AppendData NO-Modify NO-ExecuteFile 268435456 : NO-FullControlNO-Write NO-Read NO-AppendData NO-Modify NO-ExecuteFile ReadAndExecute, Synchronize : NO-FullControlNO-Write Read NO-AppendData NO-Modify ExecuteFile -1610612736 : NO-FullControlNO-Write NO-Read NO-AppendData NO-Modify NO-ExecuteFile ReadAndExecute, Synchronize : NO-FullControlNO-Write Read NO-AppendData NO-Modify ExecuteFile -1610612736 : NO-FullControlNO-Write NO-Read NO-AppendData NO-Modify NO-ExecuteFile 
2026-02-20 09:50:13,350 [INFORMATION] - User is local admin: True
2026-02-20 09:50:13,350 [INFORMATION] - User: NT AUTHORITY\SYSTEM
2026-02-20 09:50:13,352 [INFORMATION] - Octopai Client - Octopai Client 10.0.31.692
2026-02-20 09:50:13,393 [INFORMATION] - Folder permission FullControl : FullControl Write Read AppendData Modify ExecuteFile 268435456 : NO-FullControlNO-Write NO-Read NO-AppendData NO-Modify NO-ExecuteFile FullControl : FullControl Write Read AppendData Modify ExecuteFile 268435456 : NO-FullControlNO-Write NO-Read NO-AppendData NO-Modify NO-ExecuteFile FullControl : FullControl Write Read AppendData Modify ExecuteFile 268435456 : NO-FullControlNO-Write NO-Read NO-AppendData NO-Modify NO-ExecuteFile ReadAndExecute, Synchronize : NO-FullControlNO-Write Read NO-AppendData NO-Modify ExecuteFile -1610612736 : NO-FullControlNO-Write NO-Read NO-AppendData NO-Modify NO-ExecuteFile 268435456 : NO-FullControlNO-Write NO-Read NO-AppendData NO-Modify NO-ExecuteFile ReadAndExecute, Synchronize : NO-FullControlNO-Write Read NO-AppendData NO-Modify ExecuteFile -1610612736 : NO-FullControlNO-Write NO-Read NO-AppendData NO-Modify NO-ExecuteFile ReadAndExecute, Synchronize : NO-FullControlNO-Write Read NO-AppendData NO-Modify ExecuteFile -1610612736 : NO-FullControlNO-Write NO-Read NO-AppendData NO-Modify NO-ExecuteFile 
2026-02-20 09:50:13,393 [INFORMATION] - User is local admin: True
2026-02-20 09:50:13,394 [INFORMATION] - User: NT AUTHORITY\SYSTEM
2026-02-20 09:50:13,396 [INFORMATION] - Octopai Client - Octopai Client 10.0.31.692
2026-02-20 09:50:13,420 [INFORMATION] - Folder permission FullControl : FullControl Write Read AppendData Modify ExecuteFile 268435456 : NO-FullControlNO-Write NO-Read NO-AppendData NO-Modify NO-ExecuteFile FullControl : FullControl Write Read AppendData Modify ExecuteFile 268435456 : NO-FullControlNO-Write NO-Read NO-AppendData NO-Modify NO-ExecuteFile FullControl : FullControl Write Read AppendData Modify ExecuteFile 268435456 : NO-FullControlNO-Write NO-Read NO-AppendData NO-Modify NO-ExecuteFile ReadAndExecute, Synchronize : NO-FullControlNO-Write Read NO-AppendData NO-Modify ExecuteFile -1610612736 : NO-FullControlNO-Write NO-Read NO-AppendData NO-Modify NO-ExecuteFile 268435456 : NO-FullControlNO-Write NO-Read NO-AppendData NO-Modify NO-ExecuteFile ReadAndExecute, Synchronize : NO-FullControlNO-Write Read NO-AppendData NO-Modify ExecuteFile -1610612736 : NO-FullControlNO-Write NO-Read NO-AppendData NO-Modify NO-ExecuteFile ReadAndExecute, Synchronize : NO-FullControlNO-Write Read NO-AppendData NO-Modify ExecuteFile -1610612736 : NO-FullControlNO-Write NO-Read NO-AppendData NO-Modify NO-ExecuteFile 
2026-02-20 09:50:13,420 [INFORMATION] - User is local admin: True
2026-02-20 09:50:13,421 [INFORMATION] - User: NT AUTHORITY\SYSTEM
2026-02-20 09:50:13,423 [INFORMATION] - Octopai Client - Octopai Client 10.0.31.692
2026-02-20 09:53:05,575 [INFORMATION] - Folder permission FullControl : FullControl Write Read AppendData Modify ExecuteFile 268435456 : NO-FullControlNO-Write NO-Read NO-AppendData NO-Modify NO-ExecuteFile FullControl : FullControl Write Read AppendData Modify ExecuteFile 268435456 : NO-FullControlNO-Write NO-Read NO-AppendData NO-Modify NO-ExecuteFile FullControl : FullControl Write Read AppendData Modify ExecuteFile 268435456 : NO-FullControlNO-Write NO-Read NO-AppendData NO-Modify NO-ExecuteFile ReadAndExecute, Synchronize : NO-FullControlNO-Write Read NO-AppendData NO-Modify ExecuteFile -1610612736 : NO-FullControlNO-Write NO-Read NO-AppendData NO-Modify NO-ExecuteFile 268435456 : NO-FullControlNO-Write NO-Read NO-AppendData NO-Modify NO-ExecuteFile ReadAndExecute, Synchronize : NO-FullControlNO-Write Read NO-AppendData NO-Modify ExecuteFile -1610612736 : NO-FullControlNO-Write NO-Read NO-AppendData NO-Modify NO-ExecuteFile ReadAndExecute, Synchronize : NO-FullControlNO-Write Read NO-AppendData NO-Modify ExecuteFile -1610612736 : NO-FullControlNO-Write NO-Read NO-AppendData NO-Modify NO-ExecuteFile 
2026-02-20 09:53:05,576 [INFORMATION] - User is local admin: True
2026-02-20 09:53:05,576 [INFORMATION] - User: NT AUTHORITY\SYSTEM
2026-02-20 09:53:05,578 [INFORMATION] - Octopai Client - Octopai Client 10.0.31.692
2026-02-20 09:53:05,581 [INFORMATION] - Update license Start
2026-02-20 09:53:05,581 [INFORMATION] - Update license 4 Vendors
2026-02-20 09:53:05,598 [INFORMATION] - Going to add license file for the customer
2026-02-20 09:53:05,601 [INFORMATION] - License added
2026-02-20 09:53:05,604 [INFORMATION] - Update license Done
2026-02-20 09:53:06,085 [ERROR] - Message: JS ERROR Uncaught TypeError: Cannot read property 'classList' of null , error. Called by Error method. In file: C:\Users\octopai-client\OctopaiClient\Extractors\ExtractorBase\Logger.cs. Line 36
2026-02-20 09:53:06,141 [INFORMATION] - Folder permission FullControl : FullControl Write Read AppendData Modify ExecuteFile 268435456 : NO-FullControlNO-Write NO-Read NO-AppendData NO-Modify NO-ExecuteFile FullControl : FullControl Write Read AppendData Modify ExecuteFile 268435456 : NO-FullControlNO-Write NO-Read NO-AppendData NO-Modify NO-ExecuteFile FullControl : FullControl Write Read AppendData Modify ExecuteFile 268435456 : NO-FullControlNO-Write NO-Read NO-AppendData NO-Modify NO-ExecuteFile ReadAndExecute, Synchronize : NO-FullControlNO-Write Read NO-AppendData NO-Modify ExecuteFile -1610612736 : NO-FullControlNO-Write NO-Read NO-AppendData NO-Modify NO-ExecuteFile 268435456 : NO-FullControlNO-Write NO-Read NO-AppendData NO-Modify NO-ExecuteFile ReadAndExecute, Synchronize : NO-FullControlNO-Write Read NO-AppendData NO-Modify ExecuteFile -1610612736 : NO-FullControlNO-Write NO-Read NO-AppendData NO-Modify NO-ExecuteFile ReadAndExecute, Synchronize : NO-FullControlNO-Write Read NO-AppendData NO-Modify ExecuteFile -1610612736 : NO-FullControlNO-Write NO-Read NO-AppendData NO-Modify NO-ExecuteFile 
2026-02-20 09:53:06,142 [INFORMATION] - User is local admin: True
2026-02-20 09:53:06,142 [INFORMATION] - Folder permission FullControl : FullControl Write Read AppendData Modify ExecuteFile 268435456 : NO-FullControlNO-Write NO-Read NO-AppendData NO-Modify NO-ExecuteFile FullControl : FullControl Write Read AppendData Modify ExecuteFile 268435456 : NO-FullControlNO-Write NO-Read NO-AppendData NO-Modify NO-ExecuteFile FullControl : FullControl Write Read AppendData Modify ExecuteFile 268435456 : NO-FullControlNO-Write NO-Read NO-AppendData NO-Modify NO-ExecuteFile ReadAndExecute, Synchronize : NO-FullControlNO-Write Read NO-AppendData NO-Modify ExecuteFile -1610612736 : NO-FullControlNO-Write NO-Read NO-AppendData NO-Modify NO-ExecuteFile 268435456 : NO-FullControlNO-Write NO-Read NO-AppendData NO-Modify NO-ExecuteFile ReadAndExecute, Synchronize : NO-FullControlNO-Write Read NO-AppendData NO-Modify ExecuteFile -1610612736 : NO-FullControlNO-Write NO-Read NO-AppendData NO-Modify NO-ExecuteFile ReadAndExecute, Synchronize : NO-FullControlNO-Write Read NO-AppendData NO-Modify ExecuteFile -1610612736 : NO-FullControlNO-Write NO-Read NO-AppendData NO-Modify NO-ExecuteFile 
2026-02-20 09:53:06,142 [INFORMATION] - User: NT AUTHORITY\SYSTEM
2026-02-20 09:53:06,142 [INFORMATION] - Folder permission FullControl : FullControl Write Read AppendData Modify ExecuteFile 268435456 : NO-FullControlNO-Write NO-Read NO-AppendData NO-Modify NO-ExecuteFile FullControl : FullControl Write Read AppendData Modify ExecuteFile 268435456 : NO-FullControlNO-Write NO-Read NO-AppendData NO-Modify NO-ExecuteFile FullControl : FullControl Write Read AppendData Modify ExecuteFile 268435456 : NO-FullControlNO-Write NO-Read NO-AppendData NO-Modify NO-ExecuteFile ReadAndExecute, Synchronize : NO-FullControlNO-Write Read NO-AppendData NO-Modify ExecuteFile -1610612736 : NO-FullControlNO-Write NO-Read NO-AppendData NO-Modify NO-ExecuteFile 268435456 : NO-FullControlNO-Write NO-Read NO-AppendData NO-Modify NO-ExecuteFile ReadAndExecute, Synchronize : NO-FullControlNO-Write Read NO-AppendData NO-Modify ExecuteFile -1610612736 : NO-FullControlNO-Write NO-Read NO-AppendData NO-Modify NO-ExecuteFile ReadAndExecute, Synchronize : NO-FullControlNO-Write Read NO-AppendData NO-Modify ExecuteFile -1610612736 : NO-FullControlNO-Write NO-Read NO-AppendData NO-Modify NO-ExecuteFile 
2026-02-20 09:53:06,142 [INFORMATION] - User is local admin: True
2026-02-20 09:53:06,143 [INFORMATION] - User is local admin: True
2026-02-20 09:53:06,143 [INFORMATION] - Folder permission FullControl : FullControl Write Read AppendData Modify ExecuteFile 268435456 : NO-FullControlNO-Write NO-Read NO-AppendData NO-Modify NO-ExecuteFile FullControl : FullControl Write Read AppendData Modify ExecuteFile 268435456 : NO-FullControlNO-Write NO-Read NO-AppendData NO-Modify NO-ExecuteFile FullControl : FullControl Write Read AppendData Modify ExecuteFile 268435456 : NO-FullControlNO-Write NO-Read NO-AppendData NO-Modify NO-ExecuteFile ReadAndExecute, Synchronize : NO-FullControlNO-Write Read NO-AppendData NO-Modify ExecuteFile -1610612736 : NO-FullControlNO-Write NO-Read NO-AppendData NO-Modify NO-ExecuteFile 268435456 : NO-FullControlNO-Write NO-Read NO-AppendData NO-Modify NO-ExecuteFile ReadAndExecute, Synchronize : NO-FullControlNO-Write Read NO-AppendData NO-Modify ExecuteFile -1610612736 : NO-FullControlNO-Write NO-Read NO-AppendData NO-Modify NO-ExecuteFile ReadAndExecute, Synchronize : NO-FullControlNO-Write Read NO-AppendData NO-Modify ExecuteFile -1610612736 : NO-FullControlNO-Write NO-Read NO-AppendData NO-Modify NO-ExecuteFile 
2026-02-20 09:53:06,144 [INFORMATION] - User is local admin: True
2026-02-20 09:53:06,144 [INFORMATION] - User: NT AUTHORITY\SYSTEM
2026-02-20 09:53:06,144 [INFORMATION] - User: NT AUTHORITY\SYSTEM
2026-02-20 09:53:06,144 [INFORMATION] - Octopai Client - Octopai Client 10.0.31.692
2026-02-20 09:53:06,145 [INFORMATION] - User: NT AUTHORITY\SYSTEM
2026-02-20 09:53:06,146 [INFORMATION] - Octopai Client - Octopai Client 10.0.31.692
2026-02-20 09:53:06,146 [INFORMATION] - Octopai Client - Octopai Client 10.0.31.692
2026-02-20 09:53:06,147 [INFORMATION] - Octopai Client - Octopai Client 10.0.31.692
2026-02-20 09:53:06,160 [INFORMATION] - Folder permission FullControl : FullControl Write Read AppendData Modify ExecuteFile 268435456 : NO-FullControlNO-Write NO-Read NO-AppendData NO-Modify NO-ExecuteFile FullControl : FullControl Write Read AppendData Modify ExecuteFile 268435456 : NO-FullControlNO-Write NO-Read NO-AppendData NO-Modify NO-ExecuteFile FullControl : FullControl Write Read AppendData Modify ExecuteFile 268435456 : NO-FullControlNO-Write NO-Read NO-AppendData NO-Modify NO-ExecuteFile ReadAndExecute, Synchronize : NO-FullControlNO-Write Read NO-AppendData NO-Modify ExecuteFile -1610612736 : NO-FullControlNO-Write NO-Read NO-AppendData NO-Modify NO-ExecuteFile 268435456 : NO-FullControlNO-Write NO-Read NO-AppendData NO-Modify NO-ExecuteFile ReadAndExecute, Synchronize : NO-FullControlNO-Write Read NO-AppendData NO-Modify ExecuteFile -1610612736 : NO-FullControlNO-Write NO-Read NO-AppendData NO-Modify NO-ExecuteFile ReadAndExecute, Synchronize : NO-FullControlNO-Write Read NO-AppendData NO-Modify ExecuteFile -1610612736 : NO-FullControlNO-Write NO-Read NO-AppendData NO-Modify NO-ExecuteFile 
2026-02-20 09:53:06,160 [INFORMATION] - User is local admin: True
2026-02-20 09:53:06,161 [INFORMATION] - User: NT AUTHORITY\SYSTEM
2026-02-20 09:53:06,163 [INFORMATION] - Octopai Client - Octopai Client 10.0.31.692
2026-02-20 09:53:06,175 [INFORMATION] - Folder permission FullControl : FullControl Write Read AppendData Modify ExecuteFile 268435456 : NO-FullControlNO-Write NO-Read NO-AppendData NO-Modify NO-ExecuteFile FullControl : FullControl Write Read AppendData Modify ExecuteFile 268435456 : NO-FullControlNO-Write NO-Read NO-AppendData NO-Modify NO-ExecuteFile FullControl : FullControl Write Read AppendData Modify ExecuteFile 268435456 : NO-FullControlNO-Write NO-Read NO-AppendData NO-Modify NO-ExecuteFile ReadAndExecute, Synchronize : NO-FullControlNO-Write Read NO-AppendData NO-Modify ExecuteFile -1610612736 : NO-FullControlNO-Write NO-Read NO-AppendData NO-Modify NO-ExecuteFile 268435456 : NO-FullControlNO-Write NO-Read NO-AppendData NO-Modify NO-ExecuteFile ReadAndExecute, Synchronize : NO-FullControlNO-Write Read NO-AppendData NO-Modify ExecuteFile -1610612736 : NO-FullControlNO-Write NO-Read NO-AppendData NO-Modify NO-ExecuteFile ReadAndExecute, Synchronize : NO-FullControlNO-Write Read NO-AppendData NO-Modify ExecuteFile -1610612736 : NO-FullControlNO-Write NO-Read NO-AppendData NO-Modify NO-ExecuteFile 
2026-02-20 09:53:06,176 [INFORMATION] - User is local admin: True
2026-02-20 09:53:06,176 [INFORMATION] - User: NT AUTHORITY\SYSTEM
2026-02-20 09:53:06,176 [INFORMATION] - Folder permission FullControl : FullControl Write Read AppendData Modify ExecuteFile 268435456 : NO-FullControlNO-Write NO-Read NO-AppendData NO-Modify NO-ExecuteFile FullControl : FullControl Write Read AppendData Modify ExecuteFile 268435456 : NO-FullControlNO-Write NO-Read NO-AppendData NO-Modify NO-ExecuteFile FullControl : FullControl Write Read AppendData Modify ExecuteFile 268435456 : NO-FullControlNO-Write NO-Read NO-AppendData NO-Modify NO-ExecuteFile ReadAndExecute, Synchronize : NO-FullControlNO-Write Read NO-AppendData NO-Modify ExecuteFile -1610612736 : NO-FullControlNO-Write NO-Read NO-AppendData NO-Modify NO-ExecuteFile 268435456 : NO-FullControlNO-Write NO-Read NO-AppendData NO-Modify NO-ExecuteFile ReadAndExecute, Synchronize : NO-FullControlNO-Write Read NO-AppendData NO-Modify ExecuteFile -1610612736 : NO-FullControlNO-Write NO-Read NO-AppendData NO-Modify NO-ExecuteFile ReadAndExecute, Synchronize : NO-FullControlNO-Write Read NO-AppendData NO-Modify ExecuteFile -1610612736 : NO-FullControlNO-Write NO-Read NO-AppendData NO-Modify NO-ExecuteFile 
2026-02-20 09:53:06,177 [INFORMATION] - User is local admin: True
2026-02-20 09:53:06,177 [INFORMATION] - Folder permission FullControl : FullControl Write Read AppendData Modify ExecuteFile 268435456 : NO-FullControlNO-Write NO-Read NO-AppendData NO-Modify NO-ExecuteFile FullControl : FullControl Write Read AppendData Modify ExecuteFile 268435456 : NO-FullControlNO-Write NO-Read NO-AppendData NO-Modify NO-ExecuteFile FullControl : FullControl Write Read AppendData Modify ExecuteFile 268435456 : NO-FullControlNO-Write NO-Read NO-AppendData NO-Modify NO-ExecuteFile ReadAndExecute, Synchronize : NO-FullControlNO-Write Read NO-AppendData NO-Modify ExecuteFile -1610612736 : NO-FullControlNO-Write NO-Read NO-AppendData NO-Modify NO-ExecuteFile 268435456 : NO-FullControlNO-Write NO-Read NO-AppendData NO-Modify NO-ExecuteFile ReadAndExecute, Synchronize : NO-FullControlNO-Write Read NO-AppendData NO-Modify ExecuteFile -1610612736 : NO-FullControlNO-Write NO-Read NO-AppendData NO-Modify NO-ExecuteFile ReadAndExecute, Synchronize : NO-FullControlNO-Write Read NO-AppendData NO-Modify ExecuteFile -1610612736 : NO-FullControlNO-Write NO-Read NO-AppendData NO-Modify NO-ExecuteFile 
2026-02-20 09:53:06,177 [INFORMATION] - User is local admin: True
2026-02-20 09:53:06,178 [INFORMATION] - Octopai Client - Octopai Client 10.0.31.692
2026-02-20 09:53:06,178 [INFORMATION] - User: NT AUTHORITY\SYSTEM
2026-02-20 09:53:06,179 [INFORMATION] - User: NT AUTHORITY\SYSTEM
2026-02-20 09:53:06,181 [INFORMATION] - Octopai Client - Octopai Client 10.0.31.692
2026-02-20 09:53:06,181 [INFORMATION] - Octopai Client - Octopai Client 10.0.31.692
2026-02-20 09:53:07,586 [INFORMATION] - Folder permission FullControl : FullControl Write Read AppendData Modify ExecuteFile 268435456 : NO-FullControlNO-Write NO-Read NO-AppendData NO-Modify NO-ExecuteFile FullControl : FullControl Write Read AppendData Modify ExecuteFile 268435456 : NO-FullControlNO-Write NO-Read NO-AppendData NO-Modify NO-ExecuteFile FullControl : FullControl Write Read AppendData Modify ExecuteFile 268435456 : NO-FullControlNO-Write NO-Read NO-AppendData NO-Modify NO-ExecuteFile ReadAndExecute, Synchronize : NO-FullControlNO-Write Read NO-AppendData NO-Modify ExecuteFile -1610612736 : NO-FullControlNO-Write NO-Read NO-AppendData NO-Modify NO-ExecuteFile 268435456 : NO-FullControlNO-Write NO-Read NO-AppendData NO-Modify NO-ExecuteFile ReadAndExecute, Synchronize : NO-FullControlNO-Write Read NO-AppendData NO-Modify ExecuteFile -1610612736 : NO-FullControlNO-Write NO-Read NO-AppendData NO-Modify NO-ExecuteFile ReadAndExecute, Synchronize : NO-FullControlNO-Write Read NO-AppendData NO-Modify ExecuteFile -1610612736 : NO-FullControlNO-Write NO-Read NO-AppendData NO-Modify NO-ExecuteFile 
2026-02-20 09:53:07,586 [INFORMATION] - User is local admin: True
2026-02-20 09:53:07,587 [INFORMATION] - User: NT AUTHORITY\SYSTEM
2026-02-20 09:53:07,588 [INFORMATION] - Octopai Client - Octopai Client 10.0.31.692
2026-02-20 09:53:07,624 [INFORMATION] - Folder permission FullControl : FullControl Write Read AppendData Modify ExecuteFile 268435456 : NO-FullControlNO-Write NO-Read NO-AppendData NO-Modify NO-ExecuteFile FullControl : FullControl Write Read AppendData Modify ExecuteFile 268435456 : NO-FullControlNO-Write NO-Read NO-AppendData NO-Modify NO-ExecuteFile FullControl : FullControl Write Read AppendData Modify ExecuteFile 268435456 : NO-FullControlNO-Write NO-Read NO-AppendData NO-Modify NO-ExecuteFile ReadAndExecute, Synchronize : NO-FullControlNO-Write Read NO-AppendData NO-Modify ExecuteFile -1610612736 : NO-FullControlNO-Write NO-Read NO-AppendData NO-Modify NO-ExecuteFile 268435456 : NO-FullControlNO-Write NO-Read NO-AppendData NO-Modify NO-ExecuteFile ReadAndExecute, Synchronize : NO-FullControlNO-Write Read NO-AppendData NO-Modify ExecuteFile -1610612736 : NO-FullControlNO-Write NO-Read NO-AppendData NO-Modify NO-ExecuteFile ReadAndExecute, Synchronize : NO-FullControlNO-Write Read NO-AppendData NO-Modify ExecuteFile -1610612736 : NO-FullControlNO-Write NO-Read NO-AppendData NO-Modify NO-ExecuteFile 
2026-02-20 09:53:07,624 [INFORMATION] - User is local admin: True
2026-02-20 09:53:07,625 [INFORMATION] - User: NT AUTHORITY\SYSTEM
2026-02-20 09:53:07,627 [INFORMATION] - Octopai Client - Octopai Client 10.0.31.692
2026-02-20 09:53:07,646 [INFORMATION] - Folder permission FullControl : FullControl Write Read AppendData Modify ExecuteFile 268435456 : NO-FullControlNO-Write NO-Read NO-AppendData NO-Modify NO-ExecuteFile FullControl : FullControl Write Read AppendData Modify ExecuteFile 268435456 : NO-FullControlNO-Write NO-Read NO-AppendData NO-Modify NO-ExecuteFile FullControl : FullControl Write Read AppendData Modify ExecuteFile 268435456 : NO-FullControlNO-Write NO-Read NO-AppendData NO-Modify NO-ExecuteFile ReadAndExecute, Synchronize : NO-FullControlNO-Write Read NO-AppendData NO-Modify ExecuteFile -1610612736 : NO-FullControlNO-Write NO-Read NO-AppendData NO-Modify NO-ExecuteFile 268435456 : NO-FullControlNO-Write NO-Read NO-AppendData NO-Modify NO-ExecuteFile ReadAndExecute, Synchronize : NO-FullControlNO-Write Read NO-AppendData NO-Modify ExecuteFile -1610612736 : NO-FullControlNO-Write NO-Read NO-AppendData NO-Modify NO-ExecuteFile ReadAndExecute, Synchronize : NO-FullControlNO-Write Read NO-AppendData NO-Modify ExecuteFile -1610612736 : NO-FullControlNO-Write NO-Read NO-AppendData NO-Modify NO-ExecuteFile 
2026-02-20 09:53:07,646 [INFORMATION] - User is local admin: True
2026-02-20 09:53:07,647 [INFORMATION] - User: NT AUTHORITY\SYSTEM
2026-02-20 09:53:07,649 [INFORMATION] - Octopai Client - Octopai Client 10.0.31.692
2026-02-20 09:53:22,213 [INFORMATION] - Folder permission FullControl : FullControl Write Read AppendData Modify ExecuteFile 268435456 : NO-FullControlNO-Write NO-Read NO-AppendData NO-Modify NO-ExecuteFile FullControl : FullControl Write Read AppendData Modify ExecuteFile 268435456 : NO-FullControlNO-Write NO-Read NO-AppendData NO-Modify NO-ExecuteFile FullControl : FullControl Write Read AppendData Modify ExecuteFile 268435456 : NO-FullControlNO-Write NO-Read NO-AppendData NO-Modify NO-ExecuteFile ReadAndExecute, Synchronize : NO-FullControlNO-Write Read NO-AppendData NO-Modify ExecuteFile -1610612736 : NO-FullControlNO-Write NO-Read NO-AppendData NO-Modify NO-ExecuteFile 268435456 : NO-FullControlNO-Write NO-Read NO-AppendData NO-Modify NO-ExecuteFile ReadAndExecute, Synchronize : NO-FullControlNO-Write Read NO-AppendData NO-Modify ExecuteFile -1610612736 : NO-FullControlNO-Write NO-Read NO-AppendData NO-Modify NO-ExecuteFile ReadAndExecute, Synchronize : NO-FullControlNO-Write Read NO-AppendData NO-Modify ExecuteFile -1610612736 : NO-FullControlNO-Write NO-Read NO-AppendData NO-Modify NO-ExecuteFile 
2026-02-20 09:53:22,213 [INFORMATION] - User is local admin: True
2026-02-20 09:53:22,214 [INFORMATION] - User: NT AUTHORITY\SYSTEM
2026-02-20 09:53:22,216 [INFORMATION] - Octopai Client - Octopai Client 10.0.31.692
2026-02-20 09:53:22,220 [INFORMATION] - Update license Start
2026-02-20 09:53:22,220 [INFORMATION] - Update license 10 Vendors
2026-02-20 09:53:22,240 [INFORMATION] - Going to add license file for the customer
2026-02-20 09:53:22,245 [INFORMATION] - License added
2026-02-20 09:53:22,249 [INFORMATION] - Update license Done
2026-02-20 09:53:22,642 [ERROR] - Message: JS ERROR Uncaught TypeError: Cannot read property 'classList' of null , error. Called by Error method. In file: C:\Users\octopai-client\OctopaiClient\Extractors\ExtractorBase\Logger.cs. Line 36
2026-02-20 09:53:22,693 [INFORMATION] - Folder permission FullControl : FullControl Write Read AppendData Modify ExecuteFile 268435456 : NO-FullControlNO-Write NO-Read NO-AppendData NO-Modify NO-ExecuteFile FullControl : FullControl Write Read AppendData Modify ExecuteFile 268435456 : NO-FullControlNO-Write NO-Read NO-AppendData NO-Modify NO-ExecuteFile FullControl : FullControl Write Read AppendData Modify ExecuteFile 268435456 : NO-FullControlNO-Write NO-Read NO-AppendData NO-Modify NO-ExecuteFile ReadAndExecute, Synchronize : NO-FullControlNO-Write Read NO-AppendData NO-Modify ExecuteFile -1610612736 : NO-FullControlNO-Write NO-Read NO-AppendData NO-Modify NO-ExecuteFile 268435456 : NO-FullControlNO-Write NO-Read NO-AppendData NO-Modify NO-ExecuteFile ReadAndExecute, Synchronize : NO-FullControlNO-Write Read NO-AppendData NO-Modify ExecuteFile -1610612736 : NO-FullControlNO-Write NO-Read NO-AppendData NO-Modify NO-ExecuteFile ReadAndExecute, Synchronize : NO-FullControlNO-Write Read NO-AppendData NO-Modify ExecuteFile -1610612736 : NO-FullControlNO-Write NO-Read NO-AppendData NO-Modify NO-ExecuteFile 
2026-02-20 09:53:22,694 [INFORMATION] - User is local admin: True
2026-02-20 09:53:22,694 [INFORMATION] - User: NT AUTHORITY\SYSTEM
2026-02-20 09:53:22,696 [INFORMATION] - Octopai Client - Octopai Client 10.0.31.692
2026-02-20 09:53:22,696 [INFORMATION] - Folder permission FullControl : FullControl Write Read AppendData Modify ExecuteFile 268435456 : NO-FullControlNO-Write NO-Read NO-AppendData NO-Modify NO-ExecuteFile FullControl : FullControl Write Read AppendData Modify ExecuteFile 268435456 : NO-FullControlNO-Write NO-Read NO-AppendData NO-Modify NO-ExecuteFile FullControl : FullControl Write Read AppendData Modify ExecuteFile 268435456 : NO-FullControlNO-Write NO-Read NO-AppendData NO-Modify NO-ExecuteFile ReadAndExecute, Synchronize : NO-FullControlNO-Write Read NO-AppendData NO-Modify ExecuteFile -1610612736 : NO-FullControlNO-Write NO-Read NO-AppendData NO-Modify NO-ExecuteFile 268435456 : NO-FullControlNO-Write NO-Read NO-AppendData NO-Modify NO-ExecuteFile ReadAndExecute, Synchronize : NO-FullControlNO-Write Read NO-AppendData NO-Modify ExecuteFile -1610612736 : NO-FullControlNO-Write NO-Read NO-AppendData NO-Modify NO-ExecuteFile ReadAndExecute, Synchronize : NO-FullControlNO-Write Read NO-AppendData NO-Modify ExecuteFile -1610612736 : NO-FullControlNO-Write NO-Read NO-AppendData NO-Modify NO-ExecuteFile 
2026-02-20 09:53:22,697 [INFORMATION] - User is local admin: True
2026-02-20 09:53:22,697 [INFORMATION] - Folder permission FullControl : FullControl Write Read AppendData Modify ExecuteFile 268435456 : NO-FullControlNO-Write NO-Read NO-AppendData NO-Modify NO-ExecuteFile FullControl : FullControl Write Read AppendData Modify ExecuteFile 268435456 : NO-FullControlNO-Write NO-Read NO-AppendData NO-Modify NO-ExecuteFile FullControl : FullControl Write Read AppendData Modify ExecuteFile 268435456 : NO-FullControlNO-Write NO-Read NO-AppendData NO-Modify NO-ExecuteFile ReadAndExecute, Synchronize : NO-FullControlNO-Write Read NO-AppendData NO-Modify ExecuteFile -1610612736 : NO-FullControlNO-Write NO-Read NO-AppendData NO-Modify NO-ExecuteFile 268435456 : NO-FullControlNO-Write NO-Read NO-AppendData NO-Modify NO-ExecuteFile ReadAndExecute, Synchronize : NO-FullControlNO-Write Read NO-AppendData NO-Modify ExecuteFile -1610612736 : NO-FullControlNO-Write NO-Read NO-AppendData NO-Modify NO-ExecuteFile ReadAndExecute, Synchronize : NO-FullControlNO-Write Read NO-AppendData NO-Modify ExecuteFile -1610612736 : NO-FullControlNO-Write NO-Read NO-AppendData NO-Modify NO-ExecuteFile 
2026-02-20 09:53:22,697 [INFORMATION] - Folder permission FullControl : FullControl Write Read AppendData Modify ExecuteFile 268435456 : NO-FullControlNO-Write NO-Read NO-AppendData NO-Modify NO-ExecuteFile FullControl : FullControl Write Read AppendData Modify ExecuteFile 268435456 : NO-FullControlNO-Write NO-Read NO-AppendData NO-Modify NO-ExecuteFile FullControl : FullControl Write Read AppendData Modify ExecuteFile 268435456 : NO-FullControlNO-Write NO-Read NO-AppendData NO-Modify NO-ExecuteFile ReadAndExecute, Synchronize : NO-FullControlNO-Write Read NO-AppendData NO-Modify ExecuteFile -1610612736 : NO-FullControlNO-Write NO-Read NO-AppendData NO-Modify NO-ExecuteFile 268435456 : NO-FullControlNO-Write NO-Read NO-AppendData NO-Modify NO-ExecuteFile ReadAndExecute, Synchronize : NO-FullControlNO-Write Read NO-AppendData NO-Modify ExecuteFile -1610612736 : NO-FullControlNO-Write NO-Read NO-AppendData NO-Modify NO-ExecuteFile ReadAndExecute, Synchronize : NO-FullControlNO-Write Read NO-AppendData NO-Modify ExecuteFile -1610612736 : NO-FullControlNO-Write NO-Read NO-AppendData NO-Modify NO-ExecuteFile 
2026-02-20 09:53:22,697 [INFORMATION] - User is local admin: True
2026-02-20 09:53:22,697 [INFORMATION] - User is local admin: True
2026-02-20 09:53:22,698 [INFORMATION] - User: NT AUTHORITY\SYSTEM
2026-02-20 09:53:22,699 [INFORMATION] - User: NT AUTHORITY\SYSTEM
2026-02-20 09:53:22,699 [INFORMATION] - User: NT AUTHORITY\SYSTEM
2026-02-20 09:53:22,701 [INFORMATION] - Octopai Client - Octopai Client 10.0.31.692
2026-02-20 09:53:22,701 [INFORMATION] - Octopai Client - Octopai Client 10.0.31.692
2026-02-20 09:53:22,702 [INFORMATION] - Octopai Client - Octopai Client 10.0.31.692
2026-02-20 09:53:22,706 [INFORMATION] - Folder permission FullControl : FullControl Write Read AppendData Modify ExecuteFile 268435456 : NO-FullControlNO-Write NO-Read NO-AppendData NO-Modify NO-ExecuteFile FullControl : FullControl Write Read AppendData Modify ExecuteFile 268435456 : NO-FullControlNO-Write NO-Read NO-AppendData NO-Modify NO-ExecuteFile FullControl : FullControl Write Read AppendData Modify ExecuteFile 268435456 : NO-FullControlNO-Write NO-Read NO-AppendData NO-Modify NO-ExecuteFile ReadAndExecute, Synchronize : NO-FullControlNO-Write Read NO-AppendData NO-Modify ExecuteFile -1610612736 : NO-FullControlNO-Write NO-Read NO-AppendData NO-Modify NO-ExecuteFile 268435456 : NO-FullControlNO-Write NO-Read NO-AppendData NO-Modify NO-ExecuteFile ReadAndExecute, Synchronize : NO-FullControlNO-Write Read NO-AppendData NO-Modify ExecuteFile -1610612736 : NO-FullControlNO-Write NO-Read NO-AppendData NO-Modify NO-ExecuteFile ReadAndExecute, Synchronize : NO-FullControlNO-Write Read NO-AppendData NO-Modify ExecuteFile -1610612736 : NO-FullControlNO-Write NO-Read NO-AppendData NO-Modify NO-ExecuteFile 
2026-02-20 09:53:22,706 [INFORMATION] - User is local admin: True
2026-02-20 09:53:22,707 [INFORMATION] - User: NT AUTHORITY\SYSTEM
2026-02-20 09:53:22,708 [INFORMATION] - Octopai Client - Octopai Client 10.0.31.692
2026-02-20 09:53:22,734 [INFORMATION] - Folder permission FullControl : FullControl Write Read AppendData Modify ExecuteFile 268435456 : NO-FullControlNO-Write NO-Read NO-AppendData NO-Modify NO-ExecuteFile FullControl : FullControl Write Read AppendData Modify ExecuteFile 268435456 : NO-FullControlNO-Write NO-Read NO-AppendData NO-Modify NO-ExecuteFile FullControl : FullControl Write Read AppendData Modify ExecuteFile 268435456 : NO-FullControlNO-Write NO-Read NO-AppendData NO-Modify NO-ExecuteFile ReadAndExecute, Synchronize : NO-FullControlNO-Write Read NO-AppendData NO-Modify ExecuteFile -1610612736 : NO-FullControlNO-Write NO-Read NO-AppendData NO-Modify NO-ExecuteFile 268435456 : NO-FullControlNO-Write NO-Read NO-AppendData NO-Modify NO-ExecuteFile ReadAndExecute, Synchronize : NO-FullControlNO-Write Read NO-AppendData NO-Modify ExecuteFile -1610612736 : NO-FullControlNO-Write NO-Read NO-AppendData NO-Modify NO-ExecuteFile ReadAndExecute, Synchronize : NO-FullControlNO-Write Read NO-AppendData NO-Modify ExecuteFile -1610612736 : NO-FullControlNO-Write NO-Read NO-AppendData NO-Modify NO-ExecuteFile 
2026-02-20 09:53:22,734 [INFORMATION] - User is local admin: True
2026-02-20 09:53:22,735 [INFORMATION] - Folder permission FullControl : FullControl Write Read AppendData Modify ExecuteFile 268435456 : NO-FullControlNO-Write NO-Read NO-AppendData NO-Modify NO-ExecuteFile FullControl : FullControl Write Read AppendData Modify ExecuteFile 268435456 : NO-FullControlNO-Write NO-Read NO-AppendData NO-Modify NO-ExecuteFile FullControl : FullControl Write Read AppendData Modify ExecuteFile 268435456 : NO-FullControlNO-Write NO-Read NO-AppendData NO-Modify NO-ExecuteFile ReadAndExecute, Synchronize : NO-FullControlNO-Write Read NO-AppendData NO-Modify ExecuteFile -1610612736 : NO-FullControlNO-Write NO-Read NO-AppendData NO-Modify NO-ExecuteFile 268435456 : NO-FullControlNO-Write NO-Read NO-AppendData NO-Modify NO-ExecuteFile ReadAndExecute, Synchronize : NO-FullControlNO-Write Read NO-AppendData NO-Modify ExecuteFile -1610612736 : NO-FullControlNO-Write NO-Read NO-AppendData NO-Modify NO-ExecuteFile ReadAndExecute, Synchronize : NO-FullControlNO-Write Read NO-AppendData NO-Modify ExecuteFile -1610612736 : NO-FullControlNO-Write NO-Read NO-AppendData NO-Modify NO-ExecuteFile 
2026-02-20 09:53:22,735 [INFORMATION] - Folder permission FullControl : FullControl Write Read AppendData Modify ExecuteFile 268435456 : NO-FullControlNO-Write NO-Read NO-AppendData NO-Modify NO-ExecuteFile FullControl : FullControl Write Read AppendData Modify ExecuteFile 268435456 : NO-FullControlNO-Write NO-Read NO-AppendData NO-Modify NO-ExecuteFile FullControl : FullControl Write Read AppendData Modify ExecuteFile 268435456 : NO-FullControlNO-Write NO-Read NO-AppendData NO-Modify NO-ExecuteFile ReadAndExecute, Synchronize : NO-FullControlNO-Write Read NO-AppendData NO-Modify ExecuteFile -1610612736 : NO-FullControlNO-Write NO-Read NO-AppendData NO-Modify NO-ExecuteFile 268435456 : NO-FullControlNO-Write NO-Read NO-AppendData NO-Modify NO-ExecuteFile ReadAndExecute, Synchronize : NO-FullControlNO-Write Read NO-AppendData NO-Modify ExecuteFile -1610612736 : NO-FullControlNO-Write NO-Read NO-AppendData NO-Modify NO-ExecuteFile ReadAndExecute, Synchronize : NO-FullControlNO-Write Read NO-AppendData NO-Modify ExecuteFile -1610612736 : NO-FullControlNO-Write NO-Read NO-AppendData NO-Modify NO-ExecuteFile 
2026-02-20 09:53:22,735 [INFORMATION] - User is local admin: True
2026-02-20 09:53:22,735 [INFORMATION] - User is local admin: True
2026-02-20 09:53:22,735 [INFORMATION] - User: NT AUTHORITY\SYSTEM
2026-02-20 09:53:22,736 [INFORMATION] - User: NT AUTHORITY\SYSTEM
2026-02-20 09:53:22,738 [INFORMATION] - User: NT AUTHORITY\SYSTEM
2026-02-20 09:53:22,738 [INFORMATION] - Octopai Client - Octopai Client 10.0.31.692
2026-02-20 09:53:22,740 [INFORMATION] - Octopai Client - Octopai Client 10.0.31.692
2026-02-20 09:53:22,741 [INFORMATION] - Octopai Client - Octopai Client 10.0.31.692
2026-02-20 10:49:12,982 [ERROR] - Message: JS ERROR Uncaught TypeError: Cannot read property 'classList' of null , error. Called by Error method. In file: C:\Users\octopai-client\OctopaiClient\Extractors\ExtractorBase\Logger.cs. Line 36
2026-02-20 10:49:13,006 [INFORMATION] - Folder permission FullControl : FullControl Write Read AppendData Modify ExecuteFile 268435456 : NO-FullControlNO-Write NO-Read NO-AppendData NO-Modify NO-ExecuteFile FullControl : FullControl Write Read AppendData Modify ExecuteFile 268435456 : NO-FullControlNO-Write NO-Read NO-AppendData NO-Modify NO-ExecuteFile FullControl : FullControl Write Read AppendData Modify ExecuteFile 268435456 : NO-FullControlNO-Write NO-Read NO-AppendData NO-Modify NO-ExecuteFile ReadAndExecute, Synchronize : NO-FullControlNO-Write Read NO-AppendData NO-Modify ExecuteFile -1610612736 : NO-FullControlNO-Write NO-Read NO-AppendData NO-Modify NO-ExecuteFile 268435456 : NO-FullControlNO-Write NO-Read NO-AppendData NO-Modify NO-ExecuteFile ReadAndExecute, Synchronize : NO-FullControlNO-Write Read NO-AppendData NO-Modify ExecuteFile -1610612736 : NO-FullControlNO-Write NO-Read NO-AppendData NO-Modify NO-ExecuteFile ReadAndExecute, Synchronize : NO-FullControlNO-Write Read NO-AppendData NO-Modify ExecuteFile -1610612736 : NO-FullControlNO-Write NO-Read NO-AppendData NO-Modify NO-ExecuteFile 
2026-02-20 10:49:13,006 [INFORMATION] - Folder permission FullControl : FullControl Write Read AppendData Modify ExecuteFile 268435456 : NO-FullControlNO-Write NO-Read NO-AppendData NO-Modify NO-ExecuteFile FullControl : FullControl Write Read AppendData Modify ExecuteFile 268435456 : NO-FullControlNO-Write NO-Read NO-AppendData NO-Modify NO-ExecuteFile FullControl : FullControl Write Read AppendData Modify ExecuteFile 268435456 : NO-FullControlNO-Write NO-Read NO-AppendData NO-Modify NO-ExecuteFile ReadAndExecute, Synchronize : NO-FullControlNO-Write Read NO-AppendData NO-Modify ExecuteFile -1610612736 : NO-FullControlNO-Write NO-Read NO-AppendData NO-Modify NO-ExecuteFile 268435456 : NO-FullControlNO-Write NO-Read NO-AppendData NO-Modify NO-ExecuteFile ReadAndExecute, Synchronize : NO-FullControlNO-Write Read NO-AppendData NO-Modify ExecuteFile -1610612736 : NO-FullControlNO-Write NO-Read NO-AppendData NO-Modify NO-ExecuteFile ReadAndExecute, Synchronize : NO-FullControlNO-Write Read NO-AppendData NO-Modify ExecuteFile -1610612736 : NO-FullControlNO-Write NO-Read NO-AppendData NO-Modify NO-ExecuteFile 
2026-02-20 10:49:13,006 [INFORMATION] - User is local admin: True
2026-02-20 10:49:13,006 [INFORMATION] - User is local admin: True
2026-02-20 10:49:13,007 [INFORMATION] - User: NT AUTHORITY\SYSTEM
2026-02-20 10:49:13,007 [INFORMATION] - User: NT AUTHORITY\SYSTEM
2026-02-20 10:49:13,009 [INFORMATION] - Folder permission FullControl : FullControl Write Read AppendData Modify ExecuteFile 268435456 : NO-FullControlNO-Write NO-Read NO-AppendData NO-Modify NO-ExecuteFile FullControl : FullControl Write Read AppendData Modify ExecuteFile 268435456 : NO-FullControlNO-Write NO-Read NO-AppendData NO-Modify NO-ExecuteFile FullControl : FullControl Write Read AppendData Modify ExecuteFile 268435456 : NO-FullControlNO-Write NO-Read NO-AppendData NO-Modify NO-ExecuteFile ReadAndExecute, Synchronize : NO-FullControlNO-Write Read NO-AppendData NO-Modify ExecuteFile -1610612736 : NO-FullControlNO-Write NO-Read NO-AppendData NO-Modify NO-ExecuteFile 268435456 : NO-FullControlNO-Write NO-Read NO-AppendData NO-Modify NO-ExecuteFile ReadAndExecute, Synchronize : NO-FullControlNO-Write Read NO-AppendData NO-Modify ExecuteFile -1610612736 : NO-FullControlNO-Write NO-Read NO-AppendData NO-Modify NO-ExecuteFile ReadAndExecute, Synchronize : NO-FullControlNO-Write Read NO-AppendData NO-Modify ExecuteFile -1610612736 : NO-FullControlNO-Write NO-Read NO-AppendData NO-Modify NO-ExecuteFile 
2026-02-20 10:49:13,009 [INFORMATION] - User is local admin: True
2026-02-20 10:49:13,009 [INFORMATION] - Octopai Client - Octopai Client 10.0.31.692
2026-02-20 10:49:13,009 [INFORMATION] - Octopai Client - Octopai Client 10.0.31.692
2026-02-20 10:49:13,009 [INFORMATION] - User: NT AUTHORITY\SYSTEM
2026-02-20 10:49:13,011 [INFORMATION] - Folder permission FullControl : FullControl Write Read AppendData Modify ExecuteFile 268435456 : NO-FullControlNO-Write NO-Read NO-AppendData NO-Modify NO-ExecuteFile FullControl : FullControl Write Read AppendData Modify ExecuteFile 268435456 : NO-FullControlNO-Write NO-Read NO-AppendData NO-Modify NO-ExecuteFile FullControl : FullControl Write Read AppendData Modify ExecuteFile 268435456 : NO-FullControlNO-Write NO-Read NO-AppendData NO-Modify NO-ExecuteFile ReadAndExecute, Synchronize : NO-FullControlNO-Write Read NO-AppendData NO-Modify ExecuteFile -1610612736 : NO-FullControlNO-Write NO-Read NO-AppendData NO-Modify NO-ExecuteFile 268435456 : NO-FullControlNO-Write NO-Read NO-AppendData NO-Modify NO-ExecuteFile ReadAndExecute, Synchronize : NO-FullControlNO-Write Read NO-AppendData NO-Modify ExecuteFile -1610612736 : NO-FullControlNO-Write NO-Read NO-AppendData NO-Modify NO-ExecuteFile ReadAndExecute, Synchronize : NO-FullControlNO-Write Read NO-AppendData NO-Modify ExecuteFile -1610612736 : NO-FullControlNO-Write NO-Read NO-AppendData NO-Modify NO-ExecuteFile 
2026-02-20 10:49:13,011 [INFORMATION] - User is local admin: True
2026-02-20 10:49:13,012 [INFORMATION] - Octopai Client - Octopai Client 10.0.31.692
2026-02-20 10:49:13,012 [INFORMATION] - User: NT AUTHORITY\SYSTEM
2026-02-20 10:49:13,014 [INFORMATION] - Octopai Client - Octopai Client 10.0.31.692
2026-02-20 10:49:13,057 [INFORMATION] - Folder permission FullControl : FullControl Write Read AppendData Modify ExecuteFile 268435456 : NO-FullControlNO-Write NO-Read NO-AppendData NO-Modify NO-ExecuteFile FullControl : FullControl Write Read AppendData Modify ExecuteFile 268435456 : NO-FullControlNO-Write NO-Read NO-AppendData NO-Modify NO-ExecuteFile FullControl : FullControl Write Read AppendData Modify ExecuteFile 268435456 : NO-FullControlNO-Write NO-Read NO-AppendData NO-Modify NO-ExecuteFile ReadAndExecute, Synchronize : NO-FullControlNO-Write Read NO-AppendData NO-Modify ExecuteFile -1610612736 : NO-FullControlNO-Write NO-Read NO-AppendData NO-Modify NO-ExecuteFile 268435456 : NO-FullControlNO-Write NO-Read NO-AppendData NO-Modify NO-ExecuteFile ReadAndExecute, Synchronize : NO-FullControlNO-Write Read NO-AppendData NO-Modify ExecuteFile -1610612736 : NO-FullControlNO-Write NO-Read NO-AppendData NO-Modify NO-ExecuteFile ReadAndExecute, Synchronize : NO-FullControlNO-Write Read NO-AppendData NO-Modify ExecuteFile -1610612736 : NO-FullControlNO-Write NO-Read NO-AppendData NO-Modify NO-ExecuteFile 
2026-02-20 10:49:13,057 [INFORMATION] - User is local admin: True
2026-02-20 10:49:13,058 [INFORMATION] - Folder permission FullControl : FullControl Write Read AppendData Modify ExecuteFile 268435456 : NO-FullControlNO-Write NO-Read NO-AppendData NO-Modify NO-ExecuteFile FullControl : FullControl Write Read AppendData Modify ExecuteFile 268435456 : NO-FullControlNO-Write NO-Read NO-AppendData NO-Modify NO-ExecuteFile FullControl : FullControl Write Read AppendData Modify ExecuteFile 268435456 : NO-FullControlNO-Write NO-Read NO-AppendData NO-Modify NO-ExecuteFile ReadAndExecute, Synchronize : NO-FullControlNO-Write Read NO-AppendData NO-Modify ExecuteFile -1610612736 : NO-FullControlNO-Write NO-Read NO-AppendData NO-Modify NO-ExecuteFile 268435456 : NO-FullControlNO-Write NO-Read NO-AppendData NO-Modify NO-ExecuteFile ReadAndExecute, Synchronize : NO-FullControlNO-Write Read NO-AppendData NO-Modify ExecuteFile -1610612736 : NO-FullControlNO-Write NO-Read NO-AppendData NO-Modify NO-ExecuteFile ReadAndExecute, Synchronize : NO-FullControlNO-Write Read NO-AppendData NO-Modify ExecuteFile -1610612736 : NO-FullControlNO-Write NO-Read NO-AppendData NO-Modify NO-ExecuteFile 
2026-02-20 10:49:13,058 [INFORMATION] - User is local admin: True
2026-02-20 10:49:13,058 [INFORMATION] - User: NT AUTHORITY\SYSTEM
2026-02-20 10:49:13,058 [INFORMATION] - Folder permission FullControl : FullControl Write Read AppendData Modify ExecuteFile 268435456 : NO-FullControlNO-Write NO-Read NO-AppendData NO-Modify NO-ExecuteFile FullControl : FullControl Write Read AppendData Modify ExecuteFile 268435456 : NO-FullControlNO-Write NO-Read NO-AppendData NO-Modify NO-ExecuteFile FullControl : FullControl Write Read AppendData Modify ExecuteFile 268435456 : NO-FullControlNO-Write NO-Read NO-AppendData NO-Modify NO-ExecuteFile ReadAndExecute, Synchronize : NO-FullControlNO-Write Read NO-AppendData NO-Modify ExecuteFile -1610612736 : NO-FullControlNO-Write NO-Read NO-AppendData NO-Modify NO-ExecuteFile 268435456 : NO-FullControlNO-Write NO-Read NO-AppendData NO-Modify NO-ExecuteFile ReadAndExecute, Synchronize : NO-FullControlNO-Write Read NO-AppendData NO-Modify ExecuteFile -1610612736 : NO-FullControlNO-Write NO-Read NO-AppendData NO-Modify NO-ExecuteFile ReadAndExecute, Synchronize : NO-FullControlNO-Write Read NO-AppendData NO-Modify ExecuteFile -1610612736 : NO-FullControlNO-Write NO-Read NO-AppendData NO-Modify NO-ExecuteFile 
2026-02-20 10:49:13,059 [INFORMATION] - User is local admin: True
2026-02-20 10:49:13,059 [INFORMATION] - User: NT AUTHORITY\SYSTEM
2026-02-20 10:49:13,059 [INFORMATION] - Folder permission FullControl : FullControl Write Read AppendData Modify ExecuteFile 268435456 : NO-FullControlNO-Write NO-Read NO-AppendData NO-Modify NO-ExecuteFile FullControl : FullControl Write Read AppendData Modify ExecuteFile 268435456 : NO-FullControlNO-Write NO-Read NO-AppendData NO-Modify NO-ExecuteFile FullControl : FullControl Write Read AppendData Modify ExecuteFile 268435456 : NO-FullControlNO-Write NO-Read NO-AppendData NO-Modify NO-ExecuteFile ReadAndExecute, Synchronize : NO-FullControlNO-Write Read NO-AppendData NO-Modify ExecuteFile -1610612736 : NO-FullControlNO-Write NO-Read NO-AppendData NO-Modify NO-ExecuteFile 268435456 : NO-FullControlNO-Write NO-Read NO-AppendData NO-Modify NO-ExecuteFile ReadAndExecute, Synchronize : NO-FullControlNO-Write Read NO-AppendData NO-Modify ExecuteFile -1610612736 : NO-FullControlNO-Write NO-Read NO-AppendData NO-Modify NO-ExecuteFile ReadAndExecute, Synchronize : NO-FullControlNO-Write Read NO-AppendData NO-Modify ExecuteFile -1610612736 : NO-FullControlNO-Write NO-Read NO-AppendData NO-Modify NO-ExecuteFile 
2026-02-20 10:49:13,059 [INFORMATION] - User is local admin: True
2026-02-20 10:49:13,059 [INFORMATION] - User: NT AUTHORITY\SYSTEM
2026-02-20 10:49:13,060 [INFORMATION] - User: NT AUTHORITY\SYSTEM
2026-02-20 10:49:13,060 [INFORMATION] - Octopai Client - Octopai Client 10.0.31.692
2026-02-20 10:49:13,061 [INFORMATION] - Octopai Client - Octopai Client 10.0.31.692
2026-02-20 10:49:13,062 [INFORMATION] - Octopai Client - Octopai Client 10.0.31.692
2026-02-20 10:49:13,062 [INFORMATION] - Octopai Client - Octopai Client 10.0.31.692
2026-02-20 10:49:16,786 [INFORMATION] - Folder permission FullControl : FullControl Write Read AppendData Modify ExecuteFile 268435456 : NO-FullControlNO-Write NO-Read NO-AppendData NO-Modify NO-ExecuteFile FullControl : FullControl Write Read AppendData Modify ExecuteFile 268435456 : NO-FullControlNO-Write NO-Read NO-AppendData NO-Modify NO-ExecuteFile FullControl : FullControl Write Read AppendData Modify ExecuteFile 268435456 : NO-FullControlNO-Write NO-Read NO-AppendData NO-Modify NO-ExecuteFile ReadAndExecute, Synchronize : NO-FullControlNO-Write Read NO-AppendData NO-Modify ExecuteFile -1610612736 : NO-FullControlNO-Write NO-Read NO-AppendData NO-Modify NO-ExecuteFile 268435456 : NO-FullControlNO-Write NO-Read NO-AppendData NO-Modify NO-ExecuteFile ReadAndExecute, Synchronize : NO-FullControlNO-Write Read NO-AppendData NO-Modify ExecuteFile -1610612736 : NO-FullControlNO-Write NO-Read NO-AppendData NO-Modify NO-ExecuteFile ReadAndExecute, Synchronize : NO-FullControlNO-Write Read NO-AppendData NO-Modify ExecuteFile -1610612736 : NO-FullControlNO-Write NO-Read NO-AppendData NO-Modify NO-ExecuteFile 
2026-02-20 10:49:16,787 [INFORMATION] - User is local admin: True
2026-02-20 10:49:16,788 [INFORMATION] - User: NT AUTHORITY\SYSTEM
2026-02-20 10:49:16,789 [INFORMATION] - Octopai Client - Octopai Client 10.0.31.692
2026-02-20 10:49:16,828 [INFORMATION] - Folder permission FullControl : FullControl Write Read AppendData Modify ExecuteFile 268435456 : NO-FullControlNO-Write NO-Read NO-AppendData NO-Modify NO-ExecuteFile FullControl : FullControl Write Read AppendData Modify ExecuteFile 268435456 : NO-FullControlNO-Write NO-Read NO-AppendData NO-Modify NO-ExecuteFile FullControl : FullControl Write Read AppendData Modify ExecuteFile 268435456 : NO-FullControlNO-Write NO-Read NO-AppendData NO-Modify NO-ExecuteFile ReadAndExecute, Synchronize : NO-FullControlNO-Write Read NO-AppendData NO-Modify ExecuteFile -1610612736 : NO-FullControlNO-Write NO-Read NO-AppendData NO-Modify NO-ExecuteFile 268435456 : NO-FullControlNO-Write NO-Read NO-AppendData NO-Modify NO-ExecuteFile ReadAndExecute, Synchronize : NO-FullControlNO-Write Read NO-AppendData NO-Modify ExecuteFile -1610612736 : NO-FullControlNO-Write NO-Read NO-AppendData NO-Modify NO-ExecuteFile ReadAndExecute, Synchronize : NO-FullControlNO-Write Read NO-AppendData NO-Modify ExecuteFile -1610612736 : NO-FullControlNO-Write NO-Read NO-AppendData NO-Modify NO-ExecuteFile 
2026-02-20 10:49:16,828 [INFORMATION] - User is local admin: True
2026-02-20 10:49:16,829 [INFORMATION] - User: NT AUTHORITY\SYSTEM
2026-02-20 10:49:16,830 [INFORMATION] - Octopai Client - Octopai Client 10.0.31.692
2026-02-20 10:49:16,846 [INFORMATION] - Folder permission FullControl : FullControl Write Read AppendData Modify ExecuteFile 268435456 : NO-FullControlNO-Write NO-Read NO-AppendData NO-Modify NO-ExecuteFile FullControl : FullControl Write Read AppendData Modify ExecuteFile 268435456 : NO-FullControlNO-Write NO-Read NO-AppendData NO-Modify NO-ExecuteFile FullControl : FullControl Write Read AppendData Modify ExecuteFile 268435456 : NO-FullControlNO-Write NO-Read NO-AppendData NO-Modify NO-ExecuteFile ReadAndExecute, Synchronize : NO-FullControlNO-Write Read NO-AppendData NO-Modify ExecuteFile -1610612736 : NO-FullControlNO-Write NO-Read NO-AppendData NO-Modify NO-ExecuteFile 268435456 : NO-FullControlNO-Write NO-Read NO-AppendData NO-Modify NO-ExecuteFile ReadAndExecute, Synchronize : NO-FullControlNO-Write Read NO-AppendData NO-Modify ExecuteFile -1610612736 : NO-FullControlNO-Write NO-Read NO-AppendData NO-Modify NO-ExecuteFile ReadAndExecute, Synchronize : NO-FullControlNO-Write Read NO-AppendData NO-Modify ExecuteFile -1610612736 : NO-FullControlNO-Write NO-Read NO-AppendData NO-Modify NO-ExecuteFile 
2026-02-20 10:49:16,846 [INFORMATION] - User is local admin: True
2026-02-20 10:49:16,846 [INFORMATION] - User: NT AUTHORITY\SYSTEM
2026-02-20 10:49:16,847 [INFORMATION] - Octopai Client - Octopai Client 10.0.31.692
